# Git Push Failure Log

## Metadata

- Timestamp: 20260710-043041
- Branch: main
- Local Commit: current local documentation commit
- Target Remote: `origin`
- Final Status: blocked by missing HTTPS GitHub write credentials

## Error Output

```text
git push origin main
fatal: could not read Username for 'https://github.com': No such device or address
```

## Root Cause Analysis

- The approved HTTPS fetch and push URLs are configured and verified.
- The current environment has no non-interactive GitHub HTTPS write credentials.
- SSH was not used because the project governance requires the HTTPS remote.

## Remaining Risk

- The validated local documentation commit remains one commit ahead of
  `origin/main` until an authorized HTTPS credential is provided.
- No remote branch or tag was changed by the failed push.

## Next Action

- Provide non-interactive HTTPS GitHub write credentials and rerun
  `git push origin main`; keep the remote URL unchanged.
